<?xml version="1.0" encoding="UTF-8"?>
<!-- Generated by org.testng.reporters.JUnitReportReporter -->
<testsuite hostname="BHANU-LAPTOP" failures="0" tests="2" name="day1.DemoA" time="0.010" errors="0" timestamp="27 May 2023 06:09:24 GMT" skipped="0">
  <testcase classname="day1.DemoA" name="testA" time="0.009"/>
  <testcase classname="day1.DemoA" name="testB" time="0.001"/>
</testsuite> <!-- day1.DemoA -->
